[2017-09-07 09:22:30.146] [INFO] http - ::1 - - "GET / HTTP/1.1" 500 2053 "" "Mozilla/5.0 (iPhone; CPU iPhone OS 9_1 like Mac OS X) AppleWebKit/601.1.46 (KHTML, like Gecko) Version/9.0 Mobile/13B143 Safari/601.1"
[2017-09-07 09:22:45.624] [INFO] http - ::1 - - "GET / HTTP/1.1" 500 2053 "" "Mozilla/5.0 (iPhone; CPU iPhone OS 9_1 like Mac OS X) AppleWebKit/601.1.46 (KHTML, like Gecko) Version/9.0 Mobile/13B143 Safari/601.1"
[2017-09-07 09:22:54.751] [INFO] http - ::1 - - "GET /login HTTP/1.1" 304 - "" "Mozilla/5.0 (iPhone; CPU iPhone OS 9_1 like Mac OS X) AppleWebKit/601.1.46 (KHTML, like Gecko) Version/9.0 Mobile/13B143 Safari/601.1"
[2017-09-07 10:05:44.382] [INFO] http - ::1 - - "POST / HTTP/1.1" 500 2053 "http://localhost:6363/login" "Mozilla/5.0 (iPhone; CPU iPhone OS 9_1 like Mac OS X) AppleWebKit/601.1.46 (KHTML, like Gecko) Version/9.0 Mobile/13B143 Safari/601.1"
[2017-09-07 10:06:11.450] [INFO] http - ::1 - - "POST / HTTP/1.1" 500 2053 "http://localhost:6363/login" "Mozilla/5.0 (iPhone; CPU iPhone OS 9_1 like Mac OS X) AppleWebKit/601.1.46 (KHTML, like Gecko) Version/9.0 Mobile/13B143 Safari/601.1"
[2017-09-07 10:07:07.691] [INFO] http - ::1 - - "POST / HTTP/1.1" 500 2053 "http://localhost:6363/login" "Mozilla/5.0 (iPhone; CPU iPhone OS 9_1 like Mac OS X) AppleWebKit/601.1.46 (KHTML, like Gecko) Version/9.0 Mobile/13B143 Safari/601.1"
[2017-09-07 10:07:48.673] [INFO] http - ::1 - - "POST / HTTP/1.1" 500 2053 "http://localhost:6363/login" "Mozilla/5.0 (iPhone; CPU iPhone OS 9_1 like Mac OS X) AppleWebKit/601.1.46 (KHTML, like Gecko) Version/9.0 Mobile/13B143 Safari/601.1"
[2017-09-07 10:08:23.942] [INFO] http - ::1 - - "POST / HTTP/1.1" 500 2053 "http://localhost:6363/login" "Mozilla/5.0 (iPhone; CPU iPhone OS 9_1 like Mac OS X) AppleWebKit/601.1.46 (KHTML, like Gecko) Version/9.0 Mobile/13B143 Safari/601.1"
[2017-09-07 10:08:52.756] [INFO] http - ::1 - - "POST / HTTP/1.1" 500 2053 "http://localhost:6363/login" "Mozilla/5.0 (iPhone; CPU iPhone OS 9_1 like Mac OS X) AppleWebKit/601.1.46 (KHTML, like Gecko) Version/9.0 Mobile/13B143 Safari/601.1"
[2017-09-07 10:09:24.327] [INFO] http - ::1 - - "POST / HTTP/1.1" 500 2053 "http://localhost:6363/login" "Mozilla/5.0 (iPhone; CPU iPhone OS 9_1 like Mac OS X) AppleWebKit/601.1.46 (KHTML, like Gecko) Version/9.0 Mobile/13B143 Safari/601.1"
[2017-09-07 10:10:02.737] [INFO] http - ::1 - - "POST / HTTP/1.1" 500 2053 "http://localhost:6363/login" "Mozilla/5.0 (iPhone; CPU iPhone OS 9_1 like Mac OS X) AppleWebKit/601.1.46 (KHTML, like Gecko) Version/9.0 Mobile/13B143 Safari/601.1"
[2017-09-07 10:10:36.913] [INFO] http - ::1 - - "POST / HTTP/1.1" 500 2053 "http://localhost:6363/login" "Mozilla/5.0 (iPhone; CPU iPhone OS 9_1 like Mac OS X) AppleWebKit/601.1.46 (KHTML, like Gecko) Version/9.0 Mobile/13B143 Safari/601.1"
[2017-09-07 10:14:02.216] [INFO] http - ::1 - - "POST / HTTP/1.1" 500 2053 "http://localhost:6363/login" "Mozilla/5.0 (iPhone; CPU iPhone OS 9_1 like Mac OS X) AppleWebKit/601.1.46 (KHTML, like Gecko) Version/9.0 Mobile/13B143 Safari/601.1"
[2017-09-07 10:31:49.766] [INFO] http - ::1 - - "POST / HTTP/1.1" 500 2053 "http://localhost:6363/login" "Mozilla/5.0 (iPhone; CPU iPhone OS 9_1 like Mac OS X) AppleWebKit/601.1.46 (KHTML, like Gecko) Version/9.0 Mobile/13B143 Safari/601.1"
[2017-09-07 10:35:27.744] [INFO] http - ::1 - - "POST / HTTP/1.1" 500 2053 "http://localhost:6363/login" "Mozilla/5.0 (iPhone; CPU iPhone OS 9_1 like Mac OS X) AppleWebKit/601.1.46 (KHTML, like Gecko) Version/9.0 Mobile/13B143 Safari/601.1"
[2017-09-07 10:35:55.821] [INFO] http - ::1 - - "POST / HTTP/1.1" 500 2053 "http://localhost:6363/login" "Mozilla/5.0 (iPhone; CPU iPhone OS 9_1 like Mac OS X) AppleWebKit/601.1.46 (KHTML, like Gecko) Version/9.0 Mobile/13B143 Safari/601.1"
[2017-09-07 10:36:29.855] [INFO] http - ::1 - - "POST / HTTP/1.1" 500 2053 "http://localhost:6363/login" "Mozilla/5.0 (iPhone; CPU iPhone OS 9_1 like Mac OS X) AppleWebKit/601.1.46 (KHTML, like Gecko) Version/9.0 Mobile/13B143 Safari/601.1"
[2017-09-07 10:37:10.800] [INFO] http - ::1 - - "POST / HTTP/1.1" 500 2053 "http://localhost:6363/login" "Mozilla/5.0 (iPhone; CPU iPhone OS 9_1 like Mac OS X) AppleWebKit/601.1.46 (KHTML, like Gecko) Version/9.0 Mobile/13B143 Safari/601.1"
[2017-09-07 10:37:48.885] [INFO] http - ::1 - - "POST / HTTP/1.1" 500 2053 "http://localhost:6363/login" "Mozilla/5.0 (iPhone; CPU iPhone OS 9_1 like Mac OS X) AppleWebKit/601.1.46 (KHTML, like Gecko) Version/9.0 Mobile/13B143 Safari/601.1"
[2017-09-07 10:40:25.882] [INFO] http - ::1 - - "POST / HTTP/1.1" 500 2053 "http://localhost:6363/login" "Mozilla/5.0 (iPhone; CPU iPhone OS 9_1 like Mac OS X) AppleWebKit/601.1.46 (KHTML, like Gecko) Version/9.0 Mobile/13B143 Safari/601.1"
[2017-09-07 10:42:28.923] [INFO] http - ::1 - - "POST / HTTP/1.1" 500 2053 "http://localhost:6363/login" "Mozilla/5.0 (iPhone; CPU iPhone OS 9_1 like Mac OS X) AppleWebKit/601.1.46 (KHTML, like Gecko) Version/9.0 Mobile/13B143 Safari/601.1"
[2017-09-07 10:50:43.086] [INFO] http - ::1 - - "POST / HTTP/1.1" 200 4564 "http://localhost:6363/login" "Mozilla/5.0 (iPhone; CPU iPhone OS 9_1 like Mac OS X) AppleWebKit/601.1.46 (KHTML, like Gecko) Version/9.0 Mobile/13B143 Safari/601.1"
[2017-09-07 10:52:09.330] [INFO] http - ::ffff:127.0.0.1 - - "POST / HTTP/1.1" 200 4564 "http://localhost:6363/login" "Mozilla/5.0 (iPhone; CPU iPhone OS 9_1 like Mac OS X) AppleWebKit/601.1.46 (KHTML, like Gecko) Version/9.0 Mobile/13B143 Safari/601.1"
[2017-09-07 10:52:11.114] [INFO] http - ::ffff:127.0.0.1 - - "GET / HTTP/1.1" 200 4564 "" "Mozilla/5.0 (iPhone; CPU iPhone OS 9_1 like Mac OS X) AppleWebKit/601.1.46 (KHTML, like Gecko) Version/9.0 Mobile/13B143 Safari/601.1"
[2017-09-07 10:53:29.501] [INFO] http - ::1 - - "GET / HTTP/1.1" 500 2053 "" "Mozilla/5.0 (iPhone; CPU iPhone OS 9_1 like Mac OS X) AppleWebKit/601.1.46 (KHTML, like Gecko) Version/9.0 Mobile/13B143 Safari/601.1"
[2017-09-07 10:54:08.619] [INFO] http - ::1 - - "GET / HTTP/1.1" 200 4564 "" "Mozilla/5.0 (iPhone; CPU iPhone OS 9_1 like Mac OS X) AppleWebKit/601.1.46 (KHTML, like Gecko) Version/9.0 Mobile/13B143 Safari/601.1"
[2017-09-07 10:54:14.233] [INFO] http - ::1 - - "GET /login HTTP/1.1" 304 - "" "Mozilla/5.0 (iPhone; CPU iPhone OS 9_1 like Mac OS X) AppleWebKit/601.1.46 (KHTML, like Gecko) Version/9.0 Mobile/13B143 Safari/601.1"
[2017-09-07 10:54:15.593] [INFO] http - ::1 - - "POST / HTTP/1.1" 200 4564 "http://localhost:6363/login" "Mozilla/5.0 (iPhone; CPU iPhone OS 9_1 like Mac OS X) AppleWebKit/601.1.46 (KHTML, like Gecko) Version/9.0 Mobile/13B143 Safari/601.1"
[2017-09-07 10:55:09.187] [INFO] http - ::ffff:127.0.0.1 - - "POST / HTTP/1.1" 200 4564 "http://localhost:6363/login" "Mozilla/5.0 (iPhone; CPU iPhone OS 9_1 like Mac OS X) AppleWebKit/601.1.46 (KHTML, like Gecko) Version/9.0 Mobile/13B143 Safari/601.1"
[2017-09-07 10:55:10.771] [INFO] http - ::1 - - "GET / HTTP/1.1" 200 4564 "" "Mozilla/5.0 (iPhone; CPU iPhone OS 9_1 like Mac OS X) AppleWebKit/601.1.46 (KHTML, like Gecko) Version/9.0 Mobile/13B143 Safari/601.1"
[2017-09-07 10:56:23.287] [INFO] http - ::1 - - "POST / HTTP/1.1" 200 4564 "http://localhost:6363/login" "Mozilla/5.0 (iPhone; CPU iPhone OS 9_1 like Mac OS X) AppleWebKit/601.1.46 (KHTML, like Gecko) Version/9.0 Mobile/13B143 Safari/601.1"
[2017-09-07 10:56:24.481] [INFO] http - ::1 - - "GET / HTTP/1.1" 200 4564 "" "Mozilla/5.0 (iPhone; CPU iPhone OS 9_1 like Mac OS X) AppleWebKit/601.1.46 (KHTML, like Gecko) Version/9.0 Mobile/13B143 Safari/601.1"
[2017-09-07 10:59:15.007] [INFO] http - ::1 - - "POST / HTTP/1.1" 200 4564 "http://localhost:6363/login" "Mozilla/5.0 (iPhone; CPU iPhone OS 9_1 like Mac OS X) AppleWebKit/601.1.46 (KHTML, like Gecko) Version/9.0 Mobile/13B143 Safari/601.1"
[2017-09-07 10:59:16.593] [INFO] http - ::1 - - "GET / HTTP/1.1" 500 2053 "" "Mozilla/5.0 (iPhone; CPU iPhone OS 9_1 like Mac OS X) AppleWebKit/601.1.46 (KHTML, like Gecko) Version/9.0 Mobile/13B143 Safari/601.1"
[2017-09-07 10:59:33.418] [INFO] http - ::1 - - "POST / HTTP/1.1" 200 4564 "http://localhost:6363/login" "Mozilla/5.0 (iPhone; CPU iPhone OS 9_1 like Mac OS X) AppleWebKit/601.1.46 (KHTML, like Gecko) Version/9.0 Mobile/13B143 Safari/601.1"
[2017-09-07 10:59:35.188] [INFO] http - ::1 - - "GET / HTTP/1.1" 200 4564 "" "Mozilla/5.0 (iPhone; CPU iPhone OS 9_1 like Mac OS X) AppleWebKit/601.1.46 (KHTML, like Gecko) Version/9.0 Mobile/13B143 Safari/601.1"
[2017-09-07 10:59:51.526] [INFO] http - ::1 - - "POST / HTTP/1.1" 200 4564 "http://localhost:6363/login" "Mozilla/5.0 (iPhone; CPU iPhone OS 9_1 like Mac OS X) AppleWebKit/601.1.46 (KHTML, like Gecko) Version/9.0 Mobile/13B143 Safari/601.1"
[2017-09-07 10:59:52.669] [INFO] http - ::1 - - "GET / HTTP/1.1" 200 4564 "" "Mozilla/5.0 (iPhone; CPU iPhone OS 9_1 like Mac OS X) AppleWebKit/601.1.46 (KHTML, like Gecko) Version/9.0 Mobile/13B143 Safari/601.1"
[2017-09-07 11:01:34.907] [INFO] http - ::1 - - "POST / HTTP/1.1" 200 4564 "http://localhost:6363/login" "Mozilla/5.0 (iPhone; CPU iPhone OS 9_1 like Mac OS X) AppleWebKit/601.1.46 (KHTML, like Gecko) Version/9.0 Mobile/13B143 Safari/601.1"
[2017-09-07 11:01:38.077] [INFO] http - ::1 - - "GET / HTTP/1.1" 200 4564 "" "Mozilla/5.0 (iPhone; CPU iPhone OS 9_1 like Mac OS X) AppleWebKit/601.1.46 (KHTML, like Gecko) Version/9.0 Mobile/13B143 Safari/601.1"
[2017-09-07 11:02:07.155] [INFO] http - ::1 - - "POST / HTTP/1.1" 200 4564 "http://localhost:6363/login" "Mozilla/5.0 (iPhone; CPU iPhone OS 9_1 like Mac OS X) AppleWebKit/601.1.46 (KHTML, like Gecko) Version/9.0 Mobile/13B143 Safari/601.1"
[2017-09-07 11:02:09.147] [INFO] http - ::1 - - "GET / HTTP/1.1" 200 4564 "" "Mozilla/5.0 (iPhone; CPU iPhone OS 9_1 like Mac OS X) AppleWebKit/601.1.46 (KHTML, like Gecko) Version/9.0 Mobile/13B143 Safari/601.1"
[2017-09-07 11:02:27.350] [INFO] http - ::1 - - "POST / HTTP/1.1" 200 4564 "http://localhost:6363/login" "Mozilla/5.0 (iPhone; CPU iPhone OS 9_1 like Mac OS X) AppleWebKit/601.1.46 (KHTML, like Gecko) Version/9.0 Mobile/13B143 Safari/601.1"
[2017-09-07 11:02:30.634] [INFO] http - ::ffff:127.0.0.1 - - "GET / HTTP/1.1" 200 4564 "" "Mozilla/5.0 (iPhone; CPU iPhone OS 9_1 like Mac OS X) AppleWebKit/601.1.46 (KHTML, like Gecko) Version/9.0 Mobile/13B143 Safari/601.1"
[2017-09-07 11:03:03.511] [INFO] http - ::1 - - "POST / HTTP/1.1" 200 4564 "http://localhost:6363/login" "Mozilla/5.0 (iPhone; CPU iPhone OS 9_1 like Mac OS X) AppleWebKit/601.1.46 (KHTML, like Gecko) Version/9.0 Mobile/13B143 Safari/601.1"
[2017-09-07 11:03:05.985] [INFO] http - ::1 - - "GET / HTTP/1.1" 200 4564 "" "Mozilla/5.0 (iPhone; CPU iPhone OS 9_1 like Mac OS X) AppleWebKit/601.1.46 (KHTML, like Gecko) Version/9.0 Mobile/13B143 Safari/601.1"
[2017-09-07 11:03:26.042] [INFO] http - ::ffff:127.0.0.1 - - "POST / HTTP/1.1" 200 4564 "http://localhost:6363/login" "Mozilla/5.0 (iPhone; CPU iPhone OS 9_1 like Mac OS X) AppleWebKit/601.1.46 (KHTML, like Gecko) Version/9.0 Mobile/13B143 Safari/601.1"
[2017-09-07 11:03:29.448] [INFO] http - ::ffff:127.0.0.1 - - "GET / HTTP/1.1" 200 4564 "" "Mozilla/5.0 (iPhone; CPU iPhone OS 9_1 like Mac OS X) AppleWebKit/601.1.46 (KHTML, like Gecko) Version/9.0 Mobile/13B143 Safari/601.1"
[2017-09-07 11:03:46.811] [INFO] http - ::ffff:127.0.0.1 - - "GET /login HTTP/1.1" 304 - "" "Mozilla/5.0 (iPhone; CPU iPhone OS 9_1 like Mac OS X) AppleWebKit/601.1.46 (KHTML, like Gecko) Version/9.0 Mobile/13B143 Safari/601.1"
[2017-09-07 11:04:01.929] [INFO] http - ::1 - - "POST / HTTP/1.1" 200 4564 "http://localhost:6363/login" "Mozilla/5.0 (iPhone; CPU iPhone OS 9_1 like Mac OS X) AppleWebKit/601.1.46 (KHTML, like Gecko) Version/9.0 Mobile/13B143 Safari/601.1"
[2017-09-07 11:04:04.125] [INFO] http - ::ffff:127.0.0.1 - - "GET / HTTP/1.1" 200 4564 "" "Mozilla/5.0 (iPhone; CPU iPhone OS 9_1 like Mac OS X) AppleWebKit/601.1.46 (KHTML, like Gecko) Version/9.0 Mobile/13B143 Safari/601.1"
[2017-09-07 11:06:07.678] [INFO] http - ::1 - - "POST / HTTP/1.1" 200 4564 "http://localhost:6363/login" "Mozilla/5.0 (iPhone; CPU iPhone OS 9_1 like Mac OS X) AppleWebKit/601.1.46 (KHTML, like Gecko) Version/9.0 Mobile/13B143 Safari/601.1"
[2017-09-07 11:06:09.903] [INFO] http - ::1 - - "GET / HTTP/1.1" 200 4564 "" "Mozilla/5.0 (iPhone; CPU iPhone OS 9_1 like Mac OS X) AppleWebKit/601.1.46 (KHTML, like Gecko) Version/9.0 Mobile/13B143 Safari/601.1"
[2017-09-07 11:07:21.396] [INFO] http - ::1 - - "POST / HTTP/1.1" 200 4564 "http://localhost:6363/login" "Mozilla/5.0 (iPhone; CPU iPhone OS 9_1 like Mac OS X) AppleWebKit/601.1.46 (KHTML, like Gecko) Version/9.0 Mobile/13B143 Safari/601.1"
[2017-09-07 11:07:24.500] [INFO] http - ::1 - - "GET / HTTP/1.1" 200 4564 "" "Mozilla/5.0 (iPhone; CPU iPhone OS 9_1 like Mac OS X) AppleWebKit/601.1.46 (KHTML, like Gecko) Version/9.0 Mobile/13B143 Safari/601.1"
[2017-09-07 11:08:34.834] [INFO] http - ::ffff:127.0.0.1 - - "POST / HTTP/1.1" 200 4564 "http://localhost:6363/login" "Mozilla/5.0 (iPhone; CPU iPhone OS 9_1 like Mac OS X) AppleWebKit/601.1.46 (KHTML, like Gecko) Version/9.0 Mobile/13B143 Safari/601.1"
[2017-09-07 11:08:37.019] [INFO] http - ::ffff:127.0.0.1 - - "GET / HTTP/1.1" 200 4564 "" "Mozilla/5.0 (iPhone; CPU iPhone OS 9_1 like Mac OS X) AppleWebKit/601.1.46 (KHTML, like Gecko) Version/9.0 Mobile/13B143 Safari/601.1"
[2017-09-07 11:11:53.785] [INFO] http - ::1 - - "POST / HTTP/1.1" 200 4564 "http://localhost:6363/login" "Mozilla/5.0 (iPhone; CPU iPhone OS 9_1 like Mac OS X) AppleWebKit/601.1.46 (KHTML, like Gecko) Version/9.0 Mobile/13B143 Safari/601.1"
[2017-09-07 11:11:55.805] [INFO] http - ::1 - - "GET / HTTP/1.1" 500 2053 "" "Mozilla/5.0 (iPhone; CPU iPhone OS 9_1 like Mac OS X) AppleWebKit/601.1.46 (KHTML, like Gecko) Version/9.0 Mobile/13B143 Safari/601.1"
[2017-09-07 11:13:24.348] [INFO] http - ::1 - - "POST / HTTP/1.1" 200 4564 "http://localhost:6363/login" "Mozilla/5.0 (iPhone; CPU iPhone OS 9_1 like Mac OS X) AppleWebKit/601.1.46 (KHTML, like Gecko) Version/9.0 Mobile/13B143 Safari/601.1"
[2017-09-07 11:13:29.655] [INFO] http - ::1 - - "GET / HTTP/1.1" 500 2053 "" "Mozilla/5.0 (iPhone; CPU iPhone OS 9_1 like Mac OS X) AppleWebKit/601.1.46 (KHTML, like Gecko) Version/9.0 Mobile/13B143 Safari/601.1"
[2017-09-07 11:14:23.539] [INFO] http - ::1 - - "POST / HTTP/1.1" 200 4564 "http://localhost:6363/login" "Mozilla/5.0 (iPhone; CPU iPhone OS 9_1 like Mac OS X) AppleWebKit/601.1.46 (KHTML, like Gecko) Version/9.0 Mobile/13B143 Safari/601.1"
[2017-09-07 11:19:30.033] [INFO] http - ::ffff:127.0.0.1 - - "POST / HTTP/1.1" 200 4564 "http://localhost:6363/login" "Mozilla/5.0 (iPhone; CPU iPhone OS 9_1 like Mac OS X) AppleWebKit/601.1.46 (KHTML, like Gecko) Version/9.0 Mobile/13B143 Safari/601.1"
[2017-09-07 11:19:32.283] [INFO] http - ::ffff:127.0.0.1 - - "GET / HTTP/1.1" 500 2053 "" "Mozilla/5.0 (iPhone; CPU iPhone OS 9_1 like Mac OS X) AppleWebKit/601.1.46 (KHTML, like Gecko) Version/9.0 Mobile/13B143 Safari/601.1"
[2017-09-07 11:19:50.330] [INFO] http - ::1 - - "POST / HTTP/1.1" 200 4564 "http://localhost:6363/login" "Mozilla/5.0 (iPhone; CPU iPhone OS 9_1 like Mac OS X) AppleWebKit/601.1.46 (KHTML, like Gecko) Version/9.0 Mobile/13B143 Safari/601.1"
[2017-09-07 11:23:22.731] [INFO] http - ::1 - - "GET / HTTP/1.1" 500 2053 "" "Mozilla/5.0 (iPhone; CPU iPhone OS 9_1 like Mac OS X) AppleWebKit/601.1.46 (KHTML, like Gecko) Version/9.0 Mobile/13B143 Safari/601.1"
[2017-09-07 11:23:26.668] [INFO] http - ::1 - - "GET / HTTP/1.1" 500 2053 "" "Mozilla/5.0 (iPhone; CPU iPhone OS 9_1 like Mac OS X) AppleWebKit/601.1.46 (KHTML, like Gecko) Version/9.0 Mobile/13B143 Safari/601.1"
[2017-09-07 11:28:01.712] [INFO] http - ::1 - - "POST / HTTP/1.1" 200 4564 "http://localhost:6363/login" "Mozilla/5.0 (iPhone; CPU iPhone OS 9_1 like Mac OS X) AppleWebKit/601.1.46 (KHTML, like Gecko) Version/9.0 Mobile/13B143 Safari/601.1"
[2017-09-07 11:29:32.748] [INFO] http - ::1 - - "POST / HTTP/1.1" 200 4564 "http://localhost:6363/login" "Mozilla/5.0 (iPhone; CPU iPhone OS 9_1 like Mac OS X) AppleWebKit/601.1.46 (KHTML, like Gecko) Version/9.0 Mobile/13B143 Safari/601.1"
[2017-09-07 11:29:34.418] [INFO] http - ::1 - - "GET / HTTP/1.1" 500 2053 "" "Mozilla/5.0 (iPhone; CPU iPhone OS 9_1 like Mac OS X) AppleWebKit/601.1.46 (KHTML, like Gecko) Version/9.0 Mobile/13B143 Safari/601.1"
[2017-09-07 11:30:50.461] [INFO] http - ::1 - - "POST / HTTP/1.1" 200 4564 "http://localhost:6363/login" "Mozilla/5.0 (iPhone; CPU iPhone OS 9_1 like Mac OS X) AppleWebKit/601.1.46 (KHTML, like Gecko) Version/9.0 Mobile/13B143 Safari/601.1"
[2017-09-07 11:32:17.919] [INFO] http - ::ffff:127.0.0.1 - - "GET / HTTP/1.1" 500 2053 "" "Mozilla/5.0 (iPhone; CPU iPhone OS 9_1 like Mac OS X) AppleWebKit/601.1.46 (KHTML, like Gecko) Version/9.0 Mobile/13B143 Safari/601.1"
[2017-09-07 11:32:23.843] [INFO] http - ::ffff:127.0.0.1 - - "POST / HTTP/1.1" 200 4564 "http://localhost:6363/login" "Mozilla/5.0 (iPhone; CPU iPhone OS 9_1 like Mac OS X) AppleWebKit/601.1.46 (KHTML, like Gecko) Version/9.0 Mobile/13B143 Safari/601.1"
[2017-09-07 11:32:25.406] [INFO] http - ::1 - - "GET / HTTP/1.1" 200 4564 "" "Mozilla/5.0 (iPhone; CPU iPhone OS 9_1 like Mac OS X) AppleWebKit/601.1.46 (KHTML, like Gecko) Version/9.0 Mobile/13B143 Safari/601.1"
[2017-09-07 11:35:05.816] [INFO] http - ::1 - - "POST / HTTP/1.1" 200 4564 "http://localhost:6363/login" "Mozilla/5.0 (iPhone; CPU iPhone OS 9_1 like Mac OS X) AppleWebKit/601.1.46 (KHTML, like Gecko) Version/9.0 Mobile/13B143 Safari/601.1"
[2017-09-07 11:37:02.584] [INFO] http - ::1 - - "POST / HTTP/1.1" 200 4564 "http://localhost:6363/login" "Mozilla/5.0 (iPhone; CPU iPhone OS 9_1 like Mac OS X) AppleWebKit/601.1.46 (KHTML, like Gecko) Version/9.0 Mobile/13B143 Safari/601.1"
[2017-09-07 14:14:09.481] [INFO] http - ::ffff:127.0.0.1 - - "GET / HTTP/1.1" 500 2053 "" "Mozilla/5.0 (Windows NT 10.0; Win64; x64) AppleWebKit/537.36 (KHTML, like Gecko) Chrome/60.0.3112.113 Safari/537.36"
[2017-09-07 14:15:48.892] [INFO] http - ::1 - - "POST / HTTP/1.1" 200 4564 "http://localhost:6363/login" "Mozilla/5.0 (iPhone; CPU iPhone OS 9_1 like Mac OS X) AppleWebKit/601.1.46 (KHTML, like Gecko) Version/9.0 Mobile/13B143 Safari/601.1"
[2017-09-07 14:17:42.462] [INFO] http - ::1 - - "GET / HTTP/1.1" 500 142 "" "Mozilla/5.0 (iPhone; CPU iPhone OS 9_1 like Mac OS X) AppleWebKit/601.1.46 (KHTML, like Gecko) Version/9.0 Mobile/13B143 Safari/601.1"
[2017-09-07 14:17:49.975] [INFO] http - ::1 - - "GET / HTTP/1.1" 500 142 "" "Mozilla/5.0 (iPhone; CPU iPhone OS 9_1 like Mac OS X) AppleWebKit/601.1.46 (KHTML, like Gecko) Version/9.0 Mobile/13B143 Safari/601.1"
[2017-09-07 14:18:07.158] [INFO] http - ::ffff:127.0.0.1 - - "GET / HTTP/1.1" 500 142 "" "Mozilla/5.0 (iPhone; CPU iPhone OS 9_1 like Mac OS X) AppleWebKit/601.1.46 (KHTML, like Gecko) Version/9.0 Mobile/13B143 Safari/601.1"
[2017-09-07 14:18:56.109] [INFO] http - ::ffff:127.0.0.1 - - "GET / HTTP/1.1" 500 142 "" "Mozilla/5.0 (iPhone; CPU iPhone OS 9_1 like Mac OS X) AppleWebKit/601.1.46 (KHTML, like Gecko) Version/9.0 Mobile/13B143 Safari/601.1"
[2017-09-07 14:19:29.666] [INFO] http - ::1 - - "GET / HTTP/1.1" 500 142 "" "Mozilla/5.0 (iPhone; CPU iPhone OS 9_1 like Mac OS X) AppleWebKit/601.1.46 (KHTML, like Gecko) Version/9.0 Mobile/13B143 Safari/601.1"
[2017-09-07 14:20:09.289] [INFO] http - ::1 - - "GET / HTTP/1.1" 500 142 "" "Mozilla/5.0 (iPhone; CPU iPhone OS 9_1 like Mac OS X) AppleWebKit/601.1.46 (KHTML, like Gecko) Version/9.0 Mobile/13B143 Safari/601.1"
[2017-09-07 14:26:10.756] [INFO] http - ::1 - - "GET / HTTP/1.1" 200 3086 "" "Mozilla/5.0 (Windows NT 10.0; Win64; x64) AppleWebKit/537.36 (KHTML, like Gecko) Chrome/60.0.3112.113 Safari/537.36"
[2017-09-07 14:26:14.331] [INFO] http - ::1 - - "GET / HTTP/1.1" 304 - "" "Mozilla/5.0 (iPhone; CPU iPhone OS 9_1 like Mac OS X) AppleWebKit/601.1.46 (KHTML, like Gecko) Version/9.0 Mobile/13B143 Safari/601.1"
